2017-11-23 14:06:16,947 [INFO] [START PIPELINE] Started [2] Jobs
2017-11-23 14:06:16,947 [INFO] Begined #[1] prod_auto
2017-11-23 14:08:14,525 [INFO] Finished #[1]
2017-11-23 14:08:14,525 [INFO] Begined #[2] prod_device
2017-11-23 14:08:15,428 [INFO] Finished #[2]
2017-11-23 14:08:15,428 [INFO] [END PIPELINE] Ended With [2/2] Succeeded
2017-11-24 21:18:53,974 [INFO] [START PIPELINE] Started [2] Jobs
2017-11-24 21:18:53,976 [INFO] Begined #[1] prod_auto
2017-11-24 21:20:58,788 [INFO] Finished #[1]
2017-11-24 21:20:58,788 [INFO] Begined #[2] prod_device
2017-11-24 21:20:59,667 [INFO] Finished #[2]
2017-11-24 21:20:59,667 [INFO] [END PIPELINE] Ended With [2/2] Succeeded
2017-11-24 21:24:38,401 [INFO] [START PIPELINE] Started [2] Jobs
2017-11-24 21:24:38,401 [INFO] Begined #[1] prod_auto
2017-11-24 21:24:39,506 [INFO] Finished #[1]
2017-11-24 21:24:39,506 [INFO] Begined #[2] prod_device
2017-11-24 21:24:55,019 [INFO] Finished #[2]
2017-11-24 21:24:55,019 [INFO] [END PIPELINE] Ended With [2/2] Succeeded
2017-11-24 21:28:19,509 [INFO] [START PIPELINE] Started [2] Jobs
2017-11-24 21:28:19,509 [INFO] Begined #[1] prod_auto
2017-11-24 21:28:20,299 [INFO] Finished #[1]
2017-11-24 21:28:20,299 [INFO] Begined #[2] prod_device
2017-11-24 21:28:23,176 [DEBUG] Executed Command: python run.py --app "prod_device" --dt 2017-11-24
2017-11-24 21:28:23,176 [ERROR] 
Traceback (most recent call last):

  File "run.py", line 42, in <module>

    run()

  File "run.py", line 37, in run

    module.main(dt, data_path)

  File "d:\BitAuto\system\app\prod_mapping\app.py", line 30, in main

    sql_writer.insert("device_channel.sql")

  File "d:\BitAuto\system\app\prod_mapping\app.py", line 20, in insert

    self.cr.commit()

pyodbc.Error: ('HY000', 'The driver did not supply an error!')

2017-11-24 21:28:23,176 [INFO] Finished #[2] With Error
2017-11-24 21:28:23,176 [INFO] [END PIPELINE] Ended With [1/2] Succeeded
2017-11-24 21:32:26,930 [INFO] [START PIPELINE] Started [2] Jobs
2017-11-24 21:32:26,930 [INFO] Begined #[1] prod_auto
2017-11-24 21:32:27,762 [INFO] Finished #[1]
2017-11-24 21:32:27,763 [INFO] Begined #[2] prod_device
2017-11-24 21:32:35,384 [INFO] Finished #[2]
2017-11-24 21:32:35,384 [INFO] [END PIPELINE] Ended With [2/2] Succeeded
